# JRE version: OpenJDK Runtime Environment (8.0_152-b02) (build 1.8.0_152-release-1024-b02)
# Java VM: OpenJDK 64-Bit Server VM (25.152-b02 mixed mode windows-amd64 compressed oops)
Heap:
 PSYoungGen      total 384512K, used 206776K [0x00000000e0000000, 0x00000000fc300000, 0x0000000100000000)
  eden space 311296K, 50% used [0x00000000e0000000,0x00000000e9900238,0x00000000f3000000)
  from space 73216K, 68% used [0x00000000f7b00000,0x00000000fabeddf0,0x00000000fc280000)
  to   space 75264K, 0% used [0x00000000f3000000,0x00000000f3000000,0x00000000f7980000)
 ParOldGen       total 209920K, used 56578K [0x00000000a0000000, 0x00000000acd00000, 0x00000000e0000000)
  object space 209920K, 26% used [0x00000000a0000000,0x00000000a3740b10,0x00000000acd00000)
 Metaspace       used 83432K, capacity 87522K, committed 88192K, reserved 1126400K
  class space    used 10474K, capacity 11208K, committed 11392K, reserved 1048576K
GC Heap History (10 events):
Event: 3431.462 GC heap before
{Heap before GC invocations=20 (full 3):
 PSYoungGen      total 365056K, used 364661K [0x00000000e0000000, 0x00000000fb700000, 0x0000000100000000)
  eden space 308224K, 99% used [0x00000000e0000000,0x00000000f2ca5560,0x00000000f2d00000)
  from space 56832K, 99% used [0x00000000f7180000,0x00000000fa8f8048,0x00000000fa900000)
  to   space 70144K, 0% used [0x00000000f2d00000,0x00000000f2d00000,0x00000000f7180000)
 ParOldGen       total 134656K, used 93630K [0x00000000a0000000, 0x00000000a8380000, 0x00000000e0000000)
  object space 134656K, 69% used [0x00000000a0000000,0x00000000a5b6f8e0,0x00000000a8380000)
 Metaspace       used 83158K, capacity 87442K, committed 87680K, reserved 1126400K
  class space    used 10526K, capacity 11324K, committed 11392K, reserved 1048576K
Event: 3431.547 GC heap after
Heap after GC invocations=20 (full 3):
 PSYoungGen      total 343552K, used 47020K [0x00000000e0000000, 0x00000000fae80000, 0x0000000100000000)
  eden space 296448K, 0% used [0x00000000e0000000,0x00000000e0000000,0x00000000f2180000)
  from space 47104K, 99% used [0x00000000f2d00000,0x00000000f5aeb000,0x00000000f5b00000)
  to   space 72192K, 0% used [0x00000000f6800000,0x00000000f6800000,0x00000000fae80000)
 ParOldGen       total 134656K, used 115299K [0x00000000a0000000, 0x00000000a8380000, 0x00000000e0000000)
  object space 134656K, 85% used [0x00000000a0000000,0x00000000a7098ff0,0x00000000a8380000)
 Metaspace       used 83158K, capacity 87442K, committed 87680K, reserved 1126400K
  class space    used 10526K, capacity 11324K, committed 11392K, reserved 1048576K
}
Event: 3431.547 GC heap before
{Heap before GC invocations=21 (full 4):
 PSYoungGen      total 343552K, used 47020K [0x00000000e0000000, 0x00000000fae80000, 0x0000000100000000)
  eden space 296448K, 0% used [0x00000000e0000000,0x00000000e0000000,0x00000000f2180000)
  from space 47104K, 99% used [0x00000000f2d00000,0x00000000f5aeb000,0x00000000f5b00000)
  to   space 72192K, 0% used [0x00000000f6800000,0x00000000f6800000,0x00000000fae80000)
 ParOldGen       total 134656K, used 115299K [0x00000000a0000000, 0x00000000a8380000, 0x00000000e0000000)
  object space 134656K, 85% used [0x00000000a0000000,0x00000000a7098ff0,0x00000000a8380000)
 Metaspace       used 83158K, capacity 87442K, committed 87680K, reserved 1126400K
  class space    used 10526K, capacity 11324K, committed 11392K, reserved 1048576K
Event: 3431.776 GC heap after
Heap after GC invocations=21 (full 4):
 PSYoungGen      total 343552K, used 0K [0x00000000e0000000, 0x00000000fae80000, 0x0000000100000000)
  eden space 296448K, 0% used [0x00000000e0000000,0x00000000e0000000,0x00000000f2180000)
  from space 47104K, 0% used [0x00000000f2d00000,0x00000000f2d00000,0x00000000f5b00000)
  to   space 72192K, 0% used [0x00000000f6800000,0x00000000f6800000,0x00000000fae80000)
 ParOldGen       total 209920K, used 56554K [0x00000000a0000000, 0x00000000acd00000, 0x00000000e0000000)
  object space 209920K, 26% used [0x00000000a0000000,0x00000000a373ab10,0x00000000acd00000)
 Metaspace       used 82821K, capacity 86774K, committed 87680K, reserved 1126400K
  class space    used 10450K, capacity 11186K, committed 11392K, reserved 1048576K
}
Event: 6849.141 GC heap before
{Heap before GC invocations=22 (full 4):
 PSYoungGen      total 343552K, used 296448K [0x00000000e0000000, 0x00000000fae80000, 0x0000000100000000)
  eden space 296448K, 100% used [0x00000000e0000000,0x00000000f2180000,0x00000000f2180000)
  from space 47104K, 0% used [0x00000000f2d00000,0x00000000f2d00000,0x00000000f5b00000)
  to   space 72192K, 0% used [0x00000000f6800000,0x00000000f6800000,0x00000000fae80000)
 ParOldGen       total 209920K, used 56554K [0x00000000a0000000, 0x00000000acd00000, 0x00000000e0000000)
  object space 209920K, 26% used [0x00000000a0000000,0x00000000a373ab10,0x00000000acd00000)
 Metaspace       used 82885K, capacity 86910K, committed 87680K, reserved 1126400K
  class space    used 10451K, capacity 11186K, committed 11392K, reserved 1048576K
Event: 6849.179 GC heap after
Heap after GC invocations=22 (full 4):
 PSYoungGen      total 367616K, used 45250K [0x00000000e0000000, 0x00000000fc500000, 0x0000000100000000)
  eden space 295424K, 0% used [0x00000000e0000000,0x00000000e0000000,0x00000000f2080000)
  from space 72192K, 62% used [0x00000000f6800000,0x00000000f9430ba0,0x00000000fae80000)
  to   space 73216K, 0% used [0x00000000f2080000,0x00000000f2080000,0x00000000f6800000)
 ParOldGen       total 209920K, used 56562K [0x00000000a0000000, 0x00000000acd00000, 0x00000000e0000000)
  object space 209920K, 26% used [0x00000000a0000000,0x00000000a373cb10,0x00000000acd00000)
 Metaspace       used 82885K, capacity 86910K, committed 87680K, reserved 1126400K
  class space    used 10451K, capacity 11186K, committed 11392K, reserved 1048576K
}
Event: 6873.342 GC heap before
{Heap before GC invocations=23 (full 4):
 PSYoungGen      total 367616K, used 340674K [0x00000000e0000000, 0x00000000fc500000, 0x0000000100000000)
  eden space 295424K, 100% used [0x00000000e0000000,0x00000000f2080000,0x00000000f2080000)
  from space 72192K, 62% used [0x00000000f6800000,0x00000000f9430ba0,0x00000000fae80000)
  to   space 73216K, 0% used [0x00000000f2080000,0x00000000f2080000,0x00000000f6800000)
 ParOldGen       total 209920K, used 56562K [0x00000000a0000000, 0x00000000acd00000, 0x00000000e0000000)
  object space 209920K, 26% used [0x00000000a0000000,0x00000000a373cb10,0x00000000acd00000)
 Metaspace       used 82978K, capacity 86916K, committed 87680K, reserved 1126400K
  class space    used 10452K, capacity 11187K, committed 11392K, reserved 1048576K
Event: 6873.388 GC heap after
Heap after GC invocations=23 (full 4):
 PSYoungGen      total 368640K, used 44790K [0x00000000e0000000, 0x00000000fc280000, 0x0000000100000000)
  eden space 295424K, 0% used [0x00000000e0000000,0x00000000e0000000,0x00000000f2080000)
  from space 73216K, 61% used [0x00000000f2080000,0x00000000f4c3db90,0x00000000f6800000)
  to   space 73216K, 0% used [0x00000000f7b00000,0x00000000f7b00000,0x00000000fc280000)
 ParOldGen       total 209920K, used 56570K [0x00000000a0000000, 0x00000000acd00000, 0x00000000e0000000)
  object space 209920K, 26% used [0x00000000a0000000,0x00000000a373eb10,0x00000000acd00000)
 Metaspace       used 82978K, capacity 86916K, committed 87680K, reserved 1126400K
  class space    used 10452K, capacity 11187K, committed 11392K, reserved 1048576K
}
Event: 6985.596 GC heap before
{Heap before GC invocations=24 (full 4):
 PSYoungGen      total 368640K, used 340214K [0x00000000e0000000, 0x00000000fc280000, 0x0000000100000000)
  eden space 295424K, 100% used [0x00000000e0000000,0x00000000f2080000,0x00000000f2080000)
  from space 73216K, 61% used [0x00000000f2080000,0x00000000f4c3db90,0x00000000f6800000)
  to   space 73216K, 0% used [0x00000000f7b00000,0x00000000f7b00000,0x00000000fc280000)
 ParOldGen       total 209920K, used 56570K [0x00000000a0000000, 0x00000000acd00000, 0x00000000e0000000)
  object space 209920K, 26% used [0x00000000a0000000,0x00000000a373eb10,0x00000000acd00000)
 Metaspace       used 83106K, capacity 87060K, committed 87936K, reserved 1126400K
  class space    used 10454K, capacity 11189K, committed 11392K, reserved 1048576K
Event: 6985.643 GC heap after
Heap after GC invocations=24 (full 4):
 PSYoungGen      total 384512K, used 50103K [0x00000000e0000000, 0x00000000fc300000, 0x0000000100000000)
  eden space 311296K, 0% used [0x00000000e0000000,0x00000000e0000000,0x00000000f3000000)
  from space 73216K, 68% used [0x00000000f7b00000,0x00000000fabeddf0,0x00000000fc280000)
  to   space 75264K, 0% used [0x00000000f3000000,0x00000000f3000000,0x00000000f7980000)
 ParOldGen       total 209920K, used 56578K [0x00000000a0000000, 0x00000000acd00000, 0x00000000e0000000)
  object space 209920K, 26% used [0x00000000a0000000,0x00000000a3740b10,0x00000000acd00000)
 Metaspace       used 83106K, capacity 87060K, committed 87936K, reserved 1126400K
  class space    used 10454K, capacity 11189K, committed 11392K, reserved 1048576K
}

